Build started 7/13/2010 11:09:10 PM.
     1>Project "D:\Desktop\CPSC 260\Lab 7\part\part.vcxproj" on node 2 (build target(s)).
     1>InitializeBuildStatus:
         Creating "Debug\PartTime employee.unsuccessfulbuild" because "AlwaysCreate" was specified.
       ClCompile:
         C:\Program Files\Microsoft Visual Studio 10.0\VC\bin\CL.exe /c /ZI /nologo /W3 /WX- /Od /Oy- /D WIN32 /D _DEBUG /D _CONSOLE /D _UNICODE /D UNICODE /Gm /EHsc /RTC1 /MDd /GS /fp:precise /Zc:wchar_t /Zc:forScope /Fo"Debug\\" /Fd"Debug\vc100.pdb" /Gd /TP /analyze- /errorReport:prompt "..\PartTimeEmployee-driver.cpp" ..\PartTimeEmployee.cpp ..\AbstractEmployee.cpp
         AbstractEmployee.cpp
         PartTimeEmployee.cpp
         PartTimeEmployee-driver.cpp
         Generating Code...
       ManifestResourceCompile:
         C:\Program Files\Microsoft SDKs\Windows\v7.0A\bin\rc.exe /nologo /fo"Debug\PartTime employee.exe.embed.manifest.res" "Debug\PartTime employee_manifest.rc" 
       Link:
         C:\Program Files\Microsoft Visual Studio 10.0\VC\bin\link.exe /ERRORREPORT:PROMPT /OUT:"D:\Desktop\CPSC 260\Lab 7\Debug\PartTime employee.exe" /INCREMENTAL /NOLOGO kernel32.lib user32.lib gdi32.lib winspool.lib comdlg32.lib advapi32.lib shell32.lib ole32.lib oleaut32.lib uuid.lib odbc32.lib odbccp32.lib /MANIFEST /ManifestFile:"Debug\PartTime employee.exe.intermediate.manifest" /MANIFESTUAC:"level='asInvoker' uiAccess='false'" /DEBUG /PDB:"D:\Desktop\CPSC 260\Lab 7\Debug\PartTime employee.pdb" /SUBSYSTEM:CONSOLE /TLBID:1 /DYNAMICBASE /NXCOMPAT /IMPLIB:"D:\Desktop\CPSC 260\Lab 7\Debug\PartTime employee.lib" /MACHINE:X86 "Debug\PartTime employee.exe.embed.manifest.res"
         "Debug\PartTimeEmployee-driver.obj"
         Debug\PartTimeEmployee.obj
         Debug\AbstractEmployee.obj
       Manifest:
         C:\Program Files\Microsoft SDKs\Windows\v7.0A\bin\mt.exe /nologo /verbose /out:"Debug\PartTime employee.exe.embed.manifest" /manifest "Debug\PartTime employee.exe.intermediate.manifest"
         C:\Program Files\Microsoft SDKs\Windows\v7.0A\bin\rc.exe /nologo /fo"Debug\PartTime employee.exe.embed.manifest.res" "Debug\PartTime employee_manifest.rc" 
       LinkEmbedManifest:
         C:\Program Files\Microsoft Visual Studio 10.0\VC\bin\link.exe /ERRORREPORT:PROMPT /OUT:"D:\Desktop\CPSC 260\Lab 7\Debug\PartTime employee.exe" /INCREMENTAL /NOLOGO kernel32.lib user32.lib gdi32.lib winspool.lib comdlg32.lib advapi32.lib shell32.lib ole32.lib oleaut32.lib uuid.lib odbc32.lib odbccp32.lib /MANIFEST /ManifestFile:"Debug\PartTime employee.exe.intermediate.manifest" /MANIFESTUAC:"level='asInvoker' uiAccess='false'" /DEBUG /PDB:"D:\Desktop\CPSC 260\Lab 7\Debug\PartTime employee.pdb" /SUBSYSTEM:CONSOLE /TLBID:1 /DYNAMICBASE /NXCOMPAT /IMPLIB:"D:\Desktop\CPSC 260\Lab 7\Debug\PartTime employee.lib" /MACHINE:X86 "Debug\PartTime employee.exe.embed.manifest.res"
         "Debug\PartTimeEmployee-driver.obj"
         Debug\PartTimeEmployee.obj
         Debug\AbstractEmployee.obj
         part.vcxproj -> D:\Desktop\CPSC 260\Lab 7\Debug\PartTime employee.exe
       FinalizeBuildStatus:
         Deleting file "Debug\PartTime employee.unsuccessfulbuild".
         Touching "Debug\PartTime employee.lastbuildstate".
     1>Done Building Project "D:\Desktop\CPSC 260\Lab 7\part\part.vcxproj" (build target(s)).

Build succeeded.

Time Elapsed 00:00:03.89
