D:\DESKTOP\CPSC 260\LAB 10\LAB-10\DEBUG\HEAPSORT.EXE
D:\DESKTOP\CPSC 260\LAB 10\LAB-10\DEBUG\HEAPSORT.ILK
D:\DESKTOP\CPSC 260\LAB 10\LAB-10\DEBUG\HEAPSORT.PDB
D:\Desktop\CPSC 260\Lab 10\lab-10\heap\Debug\cl.command.1.tlog
D:\Desktop\CPSC 260\Lab 10\lab-10\heap\Debug\CL.read.1.tlog
D:\Desktop\CPSC 260\Lab 10\lab-10\heap\Debug\CL.write.1.tlog
D:\DESKTOP\CPSC 260\LAB 10\LAB-10\HEAP\DEBUG\CTIMER.OBJ
D:\DESKTOP\CPSC 260\LAB 10\LAB-10\HEAP\DEBUG\HEAPSORT.EXE.EMBED.MANIFEST
D:\DESKTOP\CPSC 260\LAB 10\LAB-10\HEAP\DEBUG\HEAPSORT.EXE.EMBED.MANIFEST.RES
D:\DESKTOP\CPSC 260\LAB 10\LAB-10\HEAP\DEBUG\HEAPSORT.EXE.INTERMEDIATE.MANIFEST
D:\DESKTOP\CPSC 260\LAB 10\LAB-10\HEAP\DEBUG\HEAPSORT.OBJ
D:\Desktop\CPSC 260\Lab 10\lab-10\heap\Debug\Heapsort_manifest.rc
D:\Desktop\CPSC 260\Lab 10\lab-10\heap\Debug\link.3492.read.1.tlog
D:\Desktop\CPSC 260\Lab 10\lab-10\heap\Debug\link.3492.write.1.tlog
D:\Desktop\CPSC 260\Lab 10\lab-10\heap\Debug\link.3492-cvtres.read.1.tlog
D:\Desktop\CPSC 260\Lab 10\lab-10\heap\Debug\link.3492-cvtres.write.1.tlog
D:\Desktop\CPSC 260\Lab 10\lab-10\heap\Debug\link.command.1.tlog
D:\Desktop\CPSC 260\Lab 10\lab-10\heap\Debug\link.read.1.tlog
D:\Desktop\CPSC 260\Lab 10\lab-10\heap\Debug\link.write.1.tlog
D:\Desktop\CPSC 260\Lab 10\lab-10\heap\Debug\link-cvtres.read.1.tlog
D:\Desktop\CPSC 260\Lab 10\lab-10\heap\Debug\link-cvtres.write.1.tlog
D:\Desktop\CPSC 260\Lab 10\lab-10\heap\Debug\mt.command.1.tlog
D:\Desktop\CPSC 260\Lab 10\lab-10\heap\Debug\mt.read.1.tlog
D:\Desktop\CPSC 260\Lab 10\lab-10\heap\Debug\mt.write.1.tlog
D:\DESKTOP\CPSC 260\LAB 10\LAB-10\HEAP\DEBUG\RANDOMINT.OBJ
D:\Desktop\CPSC 260\Lab 10\lab-10\heap\Debug\rc.command.1.tlog
D:\Desktop\CPSC 260\Lab 10\lab-10\heap\Debug\rc.read.1.tlog
D:\Desktop\CPSC 260\Lab 10\lab-10\heap\Debug\rc.write.1.tlog
D:\Desktop\CPSC 260\Lab 10\lab-10\heap\Debug\vc100.idb
D:\DESKTOP\CPSC 260\LAB 10\LAB-10\HEAP\DEBUG\VC100.PDB
