D:\Desktop\CPSC 260\Assignment 1\seismoModified2\Debug\cl.command.1.tlog
D:\Desktop\CPSC 260\Assignment 1\seismoModified2\Debug\CL.read.1.tlog
D:\Desktop\CPSC 260\Assignment 1\seismoModified2\Debug\CL.write.1.tlog
D:\DESKTOP\CPSC 260\ASSIGNMENT 1\SEISMOMODIFIED2\DEBUG\GRAPH.OBJ
D:\DESKTOP\CPSC 260\ASSIGNMENT 1\SEISMOMODIFIED2\DEBUG\GUI.OBJ
D:\Desktop\CPSC 260\Assignment 1\seismoModified2\Debug\link.command.1.tlog
D:\Desktop\CPSC 260\Assignment 1\seismoModified2\Debug\link.read.1.tlog
D:\Desktop\CPSC 260\Assignment 1\seismoModified2\Debug\link.write.1.tlog
D:\Desktop\CPSC 260\Assignment 1\seismoModified2\Debug\link-cvtres.read.1.tlog
D:\Desktop\CPSC 260\Assignment 1\seismoModified2\Debug\link-cvtres.write.1.tlog
D:\DESKTOP\CPSC 260\ASSIGNMENT 1\SEISMOMODIFIED2\DEBUG\MAIN.OBJ
D:\Desktop\CPSC 260\Assignment 1\seismoModified2\Debug\mt.command.1.tlog
D:\Desktop\CPSC 260\Assignment 1\seismoModified2\Debug\mt.read.1.tlog
D:\Desktop\CPSC 260\Assignment 1\seismoModified2\Debug\mt.write.1.tlog
D:\Desktop\CPSC 260\Assignment 1\seismoModified2\Debug\rc.command.1.tlog
D:\Desktop\CPSC 260\Assignment 1\seismoModified2\Debug\rc.read.1.tlog
D:\Desktop\CPSC 260\Assignment 1\seismoModified2\Debug\rc.write.1.tlog
D:\DESKTOP\CPSC 260\ASSIGNMENT 1\SEISMOMODIFIED2\DEBUG\SEISMO.EXE
D:\DESKTOP\CPSC 260\ASSIGNMENT 1\SEISMOMODIFIED2\DEBUG\SEISMO.EXE.EMBED.MANIFEST
D:\DESKTOP\CPSC 260\ASSIGNMENT 1\SEISMOMODIFIED2\DEBUG\SEISMO.EXE.EMBED.MANIFEST.RES
D:\DESKTOP\CPSC 260\ASSIGNMENT 1\SEISMOMODIFIED2\DEBUG\SEISMO.EXE.INTERMEDIATE.MANIFEST
D:\DESKTOP\CPSC 260\ASSIGNMENT 1\SEISMOMODIFIED2\DEBUG\SEISMO.ILK
D:\DESKTOP\CPSC 260\ASSIGNMENT 1\SEISMOMODIFIED2\DEBUG\SEISMO.PDB
D:\Desktop\CPSC 260\Assignment 1\seismoModified2\Debug\Seismo_manifest.rc
D:\DESKTOP\CPSC 260\ASSIGNMENT 1\SEISMOMODIFIED2\DEBUG\SIMPLE_WINDOW.OBJ
D:\Desktop\CPSC 260\Assignment 1\seismoModified2\Debug\vc100.idb
D:\DESKTOP\CPSC 260\ASSIGNMENT 1\SEISMOMODIFIED2\DEBUG\VC100.PDB
D:\DESKTOP\CPSC 260\ASSIGNMENT 1\SEISMOMODIFIED2\DEBUG\WINDOW.OBJ
