C:\Users\Po\Desktop\a01Seismo\seismo\Debug\cl.command.1.tlog
C:\Users\Po\Desktop\a01Seismo\seismo\Debug\CL.read.1.tlog
C:\Users\Po\Desktop\a01Seismo\seismo\Debug\CL.write.1.tlog
C:\USERS\PO\DESKTOP\A01SEISMO\SEISMO\DEBUG\GRAPH.OBJ
C:\USERS\PO\DESKTOP\A01SEISMO\SEISMO\DEBUG\GUI.OBJ
C:\Users\Po\Desktop\a01Seismo\seismo\Debug\link.4820.read.1.tlog
C:\Users\Po\Desktop\a01Seismo\seismo\Debug\link.4820.write.1.tlog
C:\Users\Po\Desktop\a01Seismo\seismo\Debug\link.4820-cvtres.read.1.tlog
C:\Users\Po\Desktop\a01Seismo\seismo\Debug\link.4820-cvtres.write.1.tlog
C:\Users\Po\Desktop\a01Seismo\seismo\Debug\link.command.1.tlog
C:\Users\Po\Desktop\a01Seismo\seismo\Debug\link.read.1.tlog
C:\Users\Po\Desktop\a01Seismo\seismo\Debug\link.write.1.tlog
C:\Users\Po\Desktop\a01Seismo\seismo\Debug\link-cvtres.read.1.tlog
C:\Users\Po\Desktop\a01Seismo\seismo\Debug\link-cvtres.write.1.tlog
C:\USERS\PO\DESKTOP\A01SEISMO\SEISMO\DEBUG\MAIN.OBJ
C:\Users\Po\Desktop\a01Seismo\seismo\Debug\mt.command.1.tlog
C:\Users\Po\Desktop\a01Seismo\seismo\Debug\mt.read.1.tlog
C:\Users\Po\Desktop\a01Seismo\seismo\Debug\mt.write.1.tlog
C:\Users\Po\Desktop\a01Seismo\seismo\Debug\rc.command.1.tlog
C:\Users\Po\Desktop\a01Seismo\seismo\Debug\rc.read.1.tlog
C:\Users\Po\Desktop\a01Seismo\seismo\Debug\rc.write.1.tlog
C:\USERS\PO\DESKTOP\A01SEISMO\SEISMO\DEBUG\SEISMO.EXE
C:\USERS\PO\DESKTOP\A01SEISMO\SEISMO\DEBUG\SEISMO.EXE.EMBED.MANIFEST
C:\USERS\PO\DESKTOP\A01SEISMO\SEISMO\DEBUG\SEISMO.EXE.EMBED.MANIFEST.RES
C:\USERS\PO\DESKTOP\A01SEISMO\SEISMO\DEBUG\SEISMO.EXE.INTERMEDIATE.MANIFEST
C:\USERS\PO\DESKTOP\A01SEISMO\SEISMO\DEBUG\SEISMO.ILK
C:\USERS\PO\DESKTOP\A01SEISMO\SEISMO\DEBUG\SEISMO.PDB
C:\Users\Po\Desktop\a01Seismo\seismo\Debug\Seismo_manifest.rc
C:\USERS\PO\DESKTOP\A01SEISMO\SEISMO\DEBUG\SIMPLE_WINDOW.OBJ
C:\Users\Po\Desktop\a01Seismo\seismo\Debug\vc100.idb
C:\USERS\PO\DESKTOP\A01SEISMO\SEISMO\DEBUG\VC100.PDB
C:\USERS\PO\DESKTOP\A01SEISMO\SEISMO\DEBUG\WINDOW.OBJ
