Build started 7/22/2010 2:52:31 PM.
     1>Project "D:\Desktop\CPSC 260\Assignment 1\a01Seismo\seismo\Seismo.vcxproj" on node 2 (build target(s)).
     1>InitializeBuildStatus:
         Creating "Debug\Seismo.unsuccessfulbuild" because "AlwaysCreate" was specified.
       ClCompile:
         C:\Program Files\Microsoft Visual Studio 10.0\VC\bin\CL.exe /c /IL:\Courses\cs260 /Zi /nologo /W3 /WX- /Od /Oy- /D WIN32 /D _DEBUG /D _CONSOLE /Gm /EHsc /RTC1 /MDd /GS /fp:precise /Zc:wchar_t /Zc:forScope /Fo"Debug\\" /Fd"Debug\vc100.pdb" /Gd /TP /analyze- /errorReport:prompt seismosrc\Graph.cpp seismosrc\GUI.cpp seismosrc\main.cpp seismosrc\Simple_window.cpp seismosrc\Window.cpp
         Window.cpp
     1>d:\desktop\cpsc 260\assignment 1\a01seismo\seismo\seismosrc\Graph.h(45): warning C4305: 'initializing' : truncation from 'Graph_lib::Color::Transparency' to 'char'
     1>d:\desktop\cpsc 260\assignment 1\a01seismo\seismo\seismosrc\Graph.h(45): warning C4309: 'initializing' : truncation of constant value
     1>d:\desktop\cpsc 260\assignment 1\a01seismo\seismo\seismosrc\Graph.h(47): warning C4305: 'initializing' : truncation from 'Graph_lib::Color::Transparency' to 'char'
     1>d:\desktop\cpsc 260\assignment 1\a01seismo\seismo\seismosrc\Graph.h(47): warning C4309: 'initializing' : truncation of constant value
     1>d:\desktop\cpsc 260\assignment 1\a01seismo\seismo\seismosrc\GUI.h(107): warning C4018: '<' : signed/unsigned mismatch
     1>d:\desktop\cpsc 260\assignment 1\a01seismo\seismo\seismosrc\GUI.h(112): warning C4018: '<' : signed/unsigned mismatch
     1>d:\desktop\cpsc 260\assignment 1\a01seismo\seismo\seismosrc\GUI.h(117): warning C4018: '<' : signed/unsigned mismatch
     1>seismosrc\Window.cpp(74): warning C4018: '<' : signed/unsigned mismatch
     1>seismosrc\Window.cpp(76): warning C4018: '<' : signed/unsigned mismatch
     1>d:\desktop\cpsc 260\assignment 1\a01seismo\seismo\seismosrc\Graph.h(130): warning C4018: '<' : signed/unsigned mismatch
                 d:\desktop\cpsc 260\assignment 1\a01seismo\seismo\seismosrc\Graph.h(130) : while compiling class template member function 'Graph_lib::Vector_ref<T>::~Vector_ref(void)'
                 with
                 [
                     T=Graph_lib::Button
                 ]
                 d:\desktop\cpsc 260\assignment 1\a01seismo\seismo\seismosrc\GUI.h(99) : see reference to class template instantiation 'Graph_lib::Vector_ref<T>' being compiled
                 with
                 [
                     T=Graph_lib::Button
                 ]
         Simple_window.cpp
     1>d:\desktop\cpsc 260\assignment 1\a01seismo\seismo\seismosrc\Graph.h(45): warning C4305: 'initializing' : truncation from 'Graph_lib::Color::Transparency' to 'char'
     1>d:\desktop\cpsc 260\assignment 1\a01seismo\seismo\seismosrc\Graph.h(45): warning C4309: 'initializing' : truncation of constant value
     1>d:\desktop\cpsc 260\assignment 1\a01seismo\seismo\seismosrc\Graph.h(47): warning C4305: 'initializing' : truncation from 'Graph_lib::Color::Transparency' to 'char'
     1>d:\desktop\cpsc 260\assignment 1\a01seismo\seismo\seismosrc\Graph.h(47): warning C4309: 'initializing' : truncation of constant value
     1>d:\desktop\cpsc 260\assignment 1\a01seismo\seismo\seismosrc\GUI.h(107): warning C4018: '<' : signed/unsigned mismatch
     1>d:\desktop\cpsc 260\assignment 1\a01seismo\seismo\seismosrc\GUI.h(112): warning C4018: '<' : signed/unsigned mismatch
     1>d:\desktop\cpsc 260\assignment 1\a01seismo\seismo\seismosrc\GUI.h(117): warning C4018: '<' : signed/unsigned mismatch
     1>d:\desktop\cpsc 260\assignment 1\a01seismo\seismo\seismosrc\Graph.h(130): warning C4018: '<' : signed/unsigned mismatch
                 d:\desktop\cpsc 260\assignment 1\a01seismo\seismo\seismosrc\Graph.h(130) : while compiling class template member function 'Graph_lib::Vector_ref<T>::~Vector_ref(void)'
                 with
                 [
                     T=Graph_lib::Button
                 ]
                 d:\desktop\cpsc 260\assignment 1\a01seismo\seismo\seismosrc\GUI.h(99) : see reference to class template instantiation 'Graph_lib::Vector_ref<T>' being compiled
                 with
                 [
                     T=Graph_lib::Button
                 ]
         main.cpp
     1>d:\desktop\cpsc 260\assignment 1\a01seismo\seismo\seismosrc\Graph.h(45): warning C4305: 'initializing' : truncation from 'Graph_lib::Color::Transparency' to 'char'
     1>d:\desktop\cpsc 260\assignment 1\a01seismo\seismo\seismosrc\Graph.h(45): warning C4309: 'initializing' : truncation of constant value
     1>d:\desktop\cpsc 260\assignment 1\a01seismo\seismo\seismosrc\Graph.h(47): warning C4305: 'initializing' : truncation from 'Graph_lib::Color::Transparency' to 'char'
     1>d:\desktop\cpsc 260\assignment 1\a01seismo\seismo\seismosrc\Graph.h(47): warning C4309: 'initializing' : truncation of constant value
     1>d:\desktop\cpsc 260\assignment 1\a01seismo\seismo\seismosrc\GUI.h(107): warning C4018: '<' : signed/unsigned mismatch
     1>d:\desktop\cpsc 260\assignment 1\a01seismo\seismo\seismosrc\GUI.h(112): warning C4018: '<' : signed/unsigned mismatch
     1>d:\desktop\cpsc 260\assignment 1\a01seismo\seismo\seismosrc\GUI.h(117): warning C4018: '<' : signed/unsigned mismatch
     1>seismosrc\main.cpp(48): warning C4244: 'return' : conversion from 'const double' to 'int', possible loss of data
     1>seismosrc\main.cpp(266): warning C4244: 'argument' : conversion from 'double' to 'int', possible loss of data
     1>seismosrc\main.cpp(267): warning C4244: 'argument' : conversion from 'double' to 'int', possible loss of data
     1>seismosrc\main.cpp(268): warning C4244: 'argument' : conversion from 'double' to 'int', possible loss of data
     1>seismosrc\main.cpp(269): warning C4244: 'argument' : conversion from 'double' to 'int', possible loss of data
     1>seismosrc\main.cpp(270): warning C4244: 'argument' : conversion from 'double' to 'int', possible loss of data
     1>seismosrc\main.cpp(271): warning C4244: 'argument' : conversion from 'double' to 'int', possible loss of data
     1>seismosrc\main.cpp(272): warning C4244: 'argument' : conversion from 'double' to 'int', possible loss of data
     1>seismosrc\main.cpp(273): warning C4244: 'argument' : conversion from 'double' to 'int', possible loss of data
     1>seismosrc\main.cpp(274): warning C4244: 'argument' : conversion from 'double' to 'int', possible loss of data
     1>seismosrc\main.cpp(275): warning C4244: 'argument' : conversion from 'double' to 'int', possible loss of data
     1>seismosrc\main.cpp(276): warning C4244: 'argument' : conversion from 'double' to 'int', possible loss of data
     1>seismosrc\main.cpp(277): warning C4244: 'argument' : conversion from 'double' to 'int', possible loss of data
     1>seismosrc\main.cpp(278): warning C4244: 'argument' : conversion from 'double' to 'int', possible loss of data
     1>seismosrc\main.cpp(279): warning C4244: 'argument' : conversion from 'double' to 'int', possible loss of data
     1>seismosrc\main.cpp(280): warning C4244: 'argument' : conversion from 'double' to 'int', possible loss of data
     1>seismosrc\main.cpp(281): warning C4244: 'argument' : conversion from 'double' to 'int', possible loss of data
     1>seismosrc\main.cpp(282): warning C4244: 'argument' : conversion from 'double' to 'int', possible loss of data
     1>seismosrc\main.cpp(283): warning C4244: 'argument' : conversion from 'double' to 'int', possible loss of data
     1>seismosrc\main.cpp(284): warning C4244: 'argument' : conversion from 'double' to 'int', possible loss of data
     1>seismosrc\main.cpp(285): warning C4244: 'argument' : conversion from 'double' to 'int', possible loss of data
     1>seismosrc\main.cpp(286): warning C4244: 'argument' : conversion from 'double' to 'int', possible loss of data
     1>seismosrc\main.cpp(292): warning C4244: 'argument' : conversion from 'double' to 'int', possible loss of data
     1>seismosrc\main.cpp(293): warning C4244: 'argument' : conversion from 'double' to 'int', possible loss of data
     1>seismosrc\main.cpp(294): warning C4244: 'argument' : conversion from 'double' to 'int', possible loss of data
     1>seismosrc\main.cpp(295): warning C4244: 'argument' : conversion from 'double' to 'int', possible loss of data
     1>seismosrc\main.cpp(296): warning C4244: 'argument' : conversion from 'double' to 'int', possible loss of data
     1>seismosrc\main.cpp(297): warning C4244: 'argument' : conversion from 'double' to 'int', possible loss of data
     1>seismosrc\main.cpp(298): warning C4244: 'argument' : conversion from 'double' to 'int', possible loss of data
     1>seismosrc\main.cpp(299): warning C4244: 'argument' : conversion from 'double' to 'int', possible loss of data
     1>seismosrc\main.cpp(300): warning C4244: 'argument' : conversion from 'double' to 'int', possible loss of data
     1>seismosrc\main.cpp(301): warning C4244: 'argument' : conversion from 'double' to 'int', possible loss of data
     1>seismosrc\main.cpp(403): warning C4101: 'e' : unreferenced local variable
     1>d:\desktop\cpsc 260\assignment 1\a01seismo\seismo\seismosrc\Graph.h(130): warning C4018: '<' : signed/unsigned mismatch
                 d:\desktop\cpsc 260\assignment 1\a01seismo\seismo\seismosrc\Graph.h(130) : while compiling class template member function 'Graph_lib::Vector_ref<T>::~Vector_ref(void)'
                 with
                 [
                     T=Graph_lib::Button
                 ]
                 d:\desktop\cpsc 260\assignment 1\a01seismo\seismo\seismosrc\GUI.h(99) : see reference to class template instantiation 'Graph_lib::Vector_ref<T>' being compiled
                 with
                 [
                     T=Graph_lib::Button
                 ]
         GUI.cpp
     1>d:\desktop\cpsc 260\assignment 1\a01seismo\seismo\seismosrc\Graph.h(45): warning C4305: 'initializing' : truncation from 'Graph_lib::Color::Transparency' to 'char'
     1>d:\desktop\cpsc 260\assignment 1\a01seismo\seismo\seismosrc\Graph.h(45): warning C4309: 'initializing' : truncation of constant value
     1>d:\desktop\cpsc 260\assignment 1\a01seismo\seismo\seismosrc\Graph.h(47): warning C4305: 'initializing' : truncation from 'Graph_lib::Color::Transparency' to 'char'
     1>d:\desktop\cpsc 260\assignment 1\a01seismo\seismo\seismosrc\Graph.h(47): warning C4309: 'initializing' : truncation of constant value
     1>d:\desktop\cpsc 260\assignment 1\a01seismo\seismo\seismosrc\GUI.h(107): warning C4018: '<' : signed/unsigned mismatch
     1>d:\desktop\cpsc 260\assignment 1\a01seismo\seismo\seismosrc\GUI.h(112): warning C4018: '<' : signed/unsigned mismatch
     1>d:\desktop\cpsc 260\assignment 1\a01seismo\seismo\seismosrc\GUI.h(117): warning C4018: '<' : signed/unsigned mismatch
     1>d:\desktop\cpsc 260\assignment 1\a01seismo\seismo\seismosrc\Graph.h(130): warning C4018: '<' : signed/unsigned mismatch
                 d:\desktop\cpsc 260\assignment 1\a01seismo\seismo\seismosrc\Graph.h(130) : while compiling class template member function 'Graph_lib::Vector_ref<T>::~Vector_ref(void)'
                 with
                 [
                     T=Graph_lib::Button
                 ]
                 d:\desktop\cpsc 260\assignment 1\a01seismo\seismo\seismosrc\GUI.h(99) : see reference to class template instantiation 'Graph_lib::Vector_ref<T>' being compiled
                 with
                 [
                     T=Graph_lib::Button
                 ]
         Graph.cpp
     1>d:\desktop\cpsc 260\assignment 1\a01seismo\seismo\seismosrc\Graph.h(45): warning C4305: 'initializing' : truncation from 'Graph_lib::Color::Transparency' to 'char'
     1>d:\desktop\cpsc 260\assignment 1\a01seismo\seismo\seismosrc\Graph.h(45): warning C4309: 'initializing' : truncation of constant value
     1>d:\desktop\cpsc 260\assignment 1\a01seismo\seismo\seismosrc\Graph.h(47): warning C4305: 'initializing' : truncation from 'Graph_lib::Color::Transparency' to 'char'
     1>d:\desktop\cpsc 260\assignment 1\a01seismo\seismo\seismosrc\Graph.h(47): warning C4309: 'initializing' : truncation of constant value
     1>seismosrc\Graph.cpp(66): warning C4018: '<' : signed/unsigned mismatch
     1>seismosrc\Graph.cpp(132): warning C4244: '=' : conversion from 'double' to 'int', possible loss of data
     1>seismosrc\Graph.cpp(133): warning C4244: '=' : conversion from 'double' to 'int', possible loss of data
     1>seismosrc\Graph.cpp(373): warning C4800: 'void *' : forcing value to bool 'true' or 'false' (performance warning)
     1>seismosrc\Graph.cpp(398): warning C4018: '>=' : signed/unsigned mismatch
         Generating Code...
       ManifestResourceCompile:
         C:\Program Files\Microsoft SDKs\Windows\v7.0A\bin\rc.exe /nologo /fo"Debug\Seismo.exe.embed.manifest.res" Debug\Seismo_manifest.rc 
       Link:
         C:\Program Files\Microsoft Visual Studio 10.0\VC\bin\link.exe /ERRORREPORT:PROMPT /OUT:"D:\Desktop\CPSC 260\Assignment 1\a01Seismo\seismo\Debug\Seismo.exe" /INCREMENTAL /NOLOGO /LIBPATH:l:\Courses\cs260\FLTKllib fltkd.lib wsock32.lib comctl32.lib fltkjpegd.lib fltkimagesd.lib kernel32.lib user32.lib gdi32.lib winspool.lib comdlg32.lib advapi32.lib shell32.lib ole32.lib oleaut32.lib uuid.lib odbc32.lib odbccp32.lib kernel32.lib user32.lib gdi32.lib winspool.lib comdlg32.lib advapi32.lib shell32.lib ole32.lib oleaut32.lib uuid.lib odbc32.lib odbccp32.lib /MANIFEST /ManifestFile:"Debug\Seismo.exe.intermediate.manifest" /MANIFESTUAC:"level='asInvoker' uiAccess='false'" /DEBUG /PDB:"D:\Desktop\CPSC 260\Assignment 1\a01Seismo\seismo\Debug\Seismo.pdb" /SUBSYSTEM:CONSOLE /TLBID:1 /DYNAMICBASE /NXCOMPAT /IMPLIB:"D:\Desktop\CPSC 260\Assignment 1\a01Seismo\seismo\Debug\Seismo.lib" /MACHINE:X86 Debug\Seismo.exe.embed.manifest.res
         Debug\Graph.obj
         Debug\GUI.obj
         Debug\main.obj
         Debug\Simple_window.obj
         Debug\Window.obj
     1>MSVCRTD.lib(cinitexe.obj) : warning LNK4098: defaultlib 'libcmtd.lib' conflicts with use of other libs; use /NODEFAULTLIB:library
     1>fltkjpegd.lib(jcomapi.obj) : warning LNK4204: 'D:\Desktop\CPSC 260\Assignment 1\a01Seismo\seismo\Debug\vc100.pdb' is missing debugging information for referencing module; linking object as if no debug info
     1>fltkjpegd.lib(jdapimin.obj) : warning LNK4204: 'D:\Desktop\CPSC 260\Assignment 1\a01Seismo\seismo\Debug\vc100.pdb' is missing debugging information for referencing module; linking object as if no debug info
     1>fltkjpegd.lib(jdapistd.obj) : warning LNK4204: 'D:\Desktop\CPSC 260\Assignment 1\a01Seismo\seismo\Debug\vc100.pdb' is missing debugging information for referencing module; linking object as if no debug info
     1>fltkjpegd.lib(jdatasrc.obj) : warning LNK4204: 'D:\Desktop\CPSC 260\Assignment 1\a01Seismo\seismo\Debug\vc100.pdb' is missing debugging information for referencing module; linking object as if no debug info
     1>fltkjpegd.lib(jdcoefct.obj) : warning LNK4204: 'D:\Desktop\CPSC 260\Assignment 1\a01Seismo\seismo\Debug\vc100.pdb' is missing debugging information for referencing module; linking object as if no debug info
     1>fltkjpegd.lib(jdcolor.obj) : warning LNK4204: 'D:\Desktop\CPSC 260\Assignment 1\a01Seismo\seismo\Debug\vc100.pdb' is missing debugging information for referencing module; linking object as if no debug info
     1>fltkjpegd.lib(jddctmgr.obj) : warning LNK4204: 'D:\Desktop\CPSC 260\Assignment 1\a01Seismo\seismo\Debug\vc100.pdb' is missing debugging information for referencing module; linking object as if no debug info
     1>fltkjpegd.lib(jdhuff.obj) : warning LNK4204: 'D:\Desktop\CPSC 260\Assignment 1\a01Seismo\seismo\Debug\vc100.pdb' is missing debugging information for referencing module; linking object as if no debug info
     1>fltkjpegd.lib(jdinput.obj) : warning LNK4204: 'D:\Desktop\CPSC 260\Assignment 1\a01Seismo\seismo\Debug\vc100.pdb' is missing debugging information for referencing module; linking object as if no debug info
     1>fltkjpegd.lib(jdmainct.obj) : warning LNK4204: 'D:\Desktop\CPSC 260\Assignment 1\a01Seismo\seismo\Debug\vc100.pdb' is missing debugging information for referencing module; linking object as if no debug info
     1>fltkjpegd.lib(jdmarker.obj) : warning LNK4204: 'D:\Desktop\CPSC 260\Assignment 1\a01Seismo\seismo\Debug\vc100.pdb' is missing debugging information for referencing module; linking object as if no debug info
     1>fltkjpegd.lib(jdmaster.obj) : warning LNK4204: 'D:\Desktop\CPSC 260\Assignment 1\a01Seismo\seismo\Debug\vc100.pdb' is missing debugging information for referencing module; linking object as if no debug info
     1>fltkjpegd.lib(jdmerge.obj) : warning LNK4204: 'D:\Desktop\CPSC 260\Assignment 1\a01Seismo\seismo\Debug\vc100.pdb' is missing debugging information for referencing module; linking object as if no debug info
     1>fltkjpegd.lib(jdphuff.obj) : warning LNK4204: 'D:\Desktop\CPSC 260\Assignment 1\a01Seismo\seismo\Debug\vc100.pdb' is missing debugging information for referencing module; linking object as if no debug info
     1>fltkjpegd.lib(jdpostct.obj) : warning LNK4204: 'D:\Desktop\CPSC 260\Assignment 1\a01Seismo\seismo\Debug\vc100.pdb' is missing debugging information for referencing module; linking object as if no debug info
     1>fltkjpegd.lib(jdsample.obj) : warning LNK4204: 'D:\Desktop\CPSC 260\Assignment 1\a01Seismo\seismo\Debug\vc100.pdb' is missing debugging information for referencing module; linking object as if no debug info
     1>fltkjpegd.lib(jerror.obj) : warning LNK4204: 'D:\Desktop\CPSC 260\Assignment 1\a01Seismo\seismo\Debug\vc100.pdb' is missing debugging information for referencing module; linking object as if no debug info
     1>fltkjpegd.lib(jidctflt.obj) : warning LNK4204: 'D:\Desktop\CPSC 260\Assignment 1\a01Seismo\seismo\Debug\vc100.pdb' is missing debugging information for referencing module; linking object as if no debug info
     1>fltkjpegd.lib(jidctfst.obj) : warning LNK4204: 'D:\Desktop\CPSC 260\Assignment 1\a01Seismo\seismo\Debug\vc100.pdb' is missing debugging information for referencing module; linking object as if no debug info
     1>fltkjpegd.lib(jidctint.obj) : warning LNK4204: 'D:\Desktop\CPSC 260\Assignment 1\a01Seismo\seismo\Debug\vc100.pdb' is missing debugging information for referencing module; linking object as if no debug info
     1>fltkjpegd.lib(jidctred.obj) : warning LNK4204: 'D:\Desktop\CPSC 260\Assignment 1\a01Seismo\seismo\Debug\vc100.pdb' is missing debugging information for referencing module; linking object as if no debug info
     1>fltkjpegd.lib(jmemmgr.obj) : warning LNK4204: 'D:\Desktop\CPSC 260\Assignment 1\a01Seismo\seismo\Debug\vc100.pdb' is missing debugging information for referencing module; linking object as if no debug info
     1>fltkjpegd.lib(jmemnobs.obj) : warning LNK4204: 'D:\Desktop\CPSC 260\Assignment 1\a01Seismo\seismo\Debug\vc100.pdb' is missing debugging information for referencing module; linking object as if no debug info
     1>fltkjpegd.lib(jquant1.obj) : warning LNK4204: 'D:\Desktop\CPSC 260\Assignment 1\a01Seismo\seismo\Debug\vc100.pdb' is missing debugging information for referencing module; linking object as if no debug info
     1>fltkjpegd.lib(jquant2.obj) : warning LNK4204: 'D:\Desktop\CPSC 260\Assignment 1\a01Seismo\seismo\Debug\vc100.pdb' is missing debugging information for referencing module; linking object as if no debug info
     1>fltkjpegd.lib(jutils.obj) : warning LNK4204: 'D:\Desktop\CPSC 260\Assignment 1\a01Seismo\seismo\Debug\vc100.pdb' is missing debugging information for referencing module; linking object as if no debug info
       Manifest:
         C:\Program Files\Microsoft SDKs\Windows\v7.0A\bin\mt.exe /nologo /verbose /out:"Debug\Seismo.exe.embed.manifest" /manifest Debug\Seismo.exe.intermediate.manifest
         C:\Program Files\Microsoft SDKs\Windows\v7.0A\bin\rc.exe /nologo /fo"Debug\Seismo.exe.embed.manifest.res" Debug\Seismo_manifest.rc 
       LinkEmbedManifest:
         C:\Program Files\Microsoft Visual Studio 10.0\VC\bin\link.exe /ERRORREPORT:PROMPT /OUT:"D:\Desktop\CPSC 260\Assignment 1\a01Seismo\seismo\Debug\Seismo.exe" /INCREMENTAL /NOLOGO /LIBPATH:l:\Courses\cs260\FLTKllib fltkd.lib wsock32.lib comctl32.lib fltkjpegd.lib fltkimagesd.lib kernel32.lib user32.lib gdi32.lib winspool.lib comdlg32.lib advapi32.lib shell32.lib ole32.lib oleaut32.lib uuid.lib odbc32.lib odbccp32.lib kernel32.lib user32.lib gdi32.lib winspool.lib comdlg32.lib advapi32.lib shell32.lib ole32.lib oleaut32.lib uuid.lib odbc32.lib odbccp32.lib /MANIFEST /ManifestFile:"Debug\Seismo.exe.intermediate.manifest" /MANIFESTUAC:"level='asInvoker' uiAccess='false'" /DEBUG /PDB:"D:\Desktop\CPSC 260\Assignment 1\a01Seismo\seismo\Debug\Seismo.pdb" /SUBSYSTEM:CONSOLE /TLBID:1 /DYNAMICBASE /NXCOMPAT /IMPLIB:"D:\Desktop\CPSC 260\Assignment 1\a01Seismo\seismo\Debug\Seismo.lib" /MACHINE:X86 Debug\Seismo.exe.embed.manifest.res
         Debug\Graph.obj
         Debug\GUI.obj
         Debug\main.obj
         Debug\Simple_window.obj
         Debug\Window.obj
     1>MSVCRTD.lib(cinitexe.obj) : warning LNK4098: defaultlib 'libcmtd.lib' conflicts with use of other libs; use /NODEFAULTLIB:library
     1>fltkjpegd.lib(jcomapi.obj) : warning LNK4204: 'D:\Desktop\CPSC 260\Assignment 1\a01Seismo\seismo\Debug\vc100.pdb' is missing debugging information for referencing module; linking object as if no debug info
     1>fltkjpegd.lib(jdapimin.obj) : warning LNK4204: 'D:\Desktop\CPSC 260\Assignment 1\a01Seismo\seismo\Debug\vc100.pdb' is missing debugging information for referencing module; linking object as if no debug info
     1>fltkjpegd.lib(jdapistd.obj) : warning LNK4204: 'D:\Desktop\CPSC 260\Assignment 1\a01Seismo\seismo\Debug\vc100.pdb' is missing debugging information for referencing module; linking object as if no debug info
     1>fltkjpegd.lib(jdatasrc.obj) : warning LNK4204: 'D:\Desktop\CPSC 260\Assignment 1\a01Seismo\seismo\Debug\vc100.pdb' is missing debugging information for referencing module; linking object as if no debug info
     1>fltkjpegd.lib(jdcoefct.obj) : warning LNK4204: 'D:\Desktop\CPSC 260\Assignment 1\a01Seismo\seismo\Debug\vc100.pdb' is missing debugging information for referencing module; linking object as if no debug info
     1>fltkjpegd.lib(jdcolor.obj) : warning LNK4204: 'D:\Desktop\CPSC 260\Assignment 1\a01Seismo\seismo\Debug\vc100.pdb' is missing debugging information for referencing module; linking object as if no debug info
     1>fltkjpegd.lib(jddctmgr.obj) : warning LNK4204: 'D:\Desktop\CPSC 260\Assignment 1\a01Seismo\seismo\Debug\vc100.pdb' is missing debugging information for referencing module; linking object as if no debug info
     1>fltkjpegd.lib(jdhuff.obj) : warning LNK4204: 'D:\Desktop\CPSC 260\Assignment 1\a01Seismo\seismo\Debug\vc100.pdb' is missing debugging information for referencing module; linking object as if no debug info
     1>fltkjpegd.lib(jdinput.obj) : warning LNK4204: 'D:\Desktop\CPSC 260\Assignment 1\a01Seismo\seismo\Debug\vc100.pdb' is missing debugging information for referencing module; linking object as if no debug info
     1>fltkjpegd.lib(jdmainct.obj) : warning LNK4204: 'D:\Desktop\CPSC 260\Assignment 1\a01Seismo\seismo\Debug\vc100.pdb' is missing debugging information for referencing module; linking object as if no debug info
     1>fltkjpegd.lib(jdmarker.obj) : warning LNK4204: 'D:\Desktop\CPSC 260\Assignment 1\a01Seismo\seismo\Debug\vc100.pdb' is missing debugging information for referencing module; linking object as if no debug info
     1>fltkjpegd.lib(jdmaster.obj) : warning LNK4204: 'D:\Desktop\CPSC 260\Assignment 1\a01Seismo\seismo\Debug\vc100.pdb' is missing debugging information for referencing module; linking object as if no debug info
     1>fltkjpegd.lib(jdmerge.obj) : warning LNK4204: 'D:\Desktop\CPSC 260\Assignment 1\a01Seismo\seismo\Debug\vc100.pdb' is missing debugging information for referencing module; linking object as if no debug info
     1>fltkjpegd.lib(jdphuff.obj) : warning LNK4204: 'D:\Desktop\CPSC 260\Assignment 1\a01Seismo\seismo\Debug\vc100.pdb' is missing debugging information for referencing module; linking object as if no debug info
     1>fltkjpegd.lib(jdpostct.obj) : warning LNK4204: 'D:\Desktop\CPSC 260\Assignment 1\a01Seismo\seismo\Debug\vc100.pdb' is missing debugging information for referencing module; linking object as if no debug info
     1>fltkjpegd.lib(jdsample.obj) : warning LNK4204: 'D:\Desktop\CPSC 260\Assignment 1\a01Seismo\seismo\Debug\vc100.pdb' is missing debugging information for referencing module; linking object as if no debug info
     1>fltkjpegd.lib(jerror.obj) : warning LNK4204: 'D:\Desktop\CPSC 260\Assignment 1\a01Seismo\seismo\Debug\vc100.pdb' is missing debugging information for referencing module; linking object as if no debug info
     1>fltkjpegd.lib(jidctflt.obj) : warning LNK4204: 'D:\Desktop\CPSC 260\Assignment 1\a01Seismo\seismo\Debug\vc100.pdb' is missing debugging information for referencing module; linking object as if no debug info
     1>fltkjpegd.lib(jidctfst.obj) : warning LNK4204: 'D:\Desktop\CPSC 260\Assignment 1\a01Seismo\seismo\Debug\vc100.pdb' is missing debugging information for referencing module; linking object as if no debug info
     1>fltkjpegd.lib(jidctint.obj) : warning LNK4204: 'D:\Desktop\CPSC 260\Assignment 1\a01Seismo\seismo\Debug\vc100.pdb' is missing debugging information for referencing module; linking object as if no debug info
     1>fltkjpegd.lib(jidctred.obj) : warning LNK4204: 'D:\Desktop\CPSC 260\Assignment 1\a01Seismo\seismo\Debug\vc100.pdb' is missing debugging information for referencing module; linking object as if no debug info
     1>fltkjpegd.lib(jmemmgr.obj) : warning LNK4204: 'D:\Desktop\CPSC 260\Assignment 1\a01Seismo\seismo\Debug\vc100.pdb' is missing debugging information for referencing module; linking object as if no debug info
     1>fltkjpegd.lib(jmemnobs.obj) : warning LNK4204: 'D:\Desktop\CPSC 260\Assignment 1\a01Seismo\seismo\Debug\vc100.pdb' is missing debugging information for referencing module; linking object as if no debug info
     1>fltkjpegd.lib(jquant1.obj) : warning LNK4204: 'D:\Desktop\CPSC 260\Assignment 1\a01Seismo\seismo\Debug\vc100.pdb' is missing debugging information for referencing module; linking object as if no debug info
     1>fltkjpegd.lib(jquant2.obj) : warning LNK4204: 'D:\Desktop\CPSC 260\Assignment 1\a01Seismo\seismo\Debug\vc100.pdb' is missing debugging information for referencing module; linking object as if no debug info
     1>fltkjpegd.lib(jutils.obj) : warning LNK4204: 'D:\Desktop\CPSC 260\Assignment 1\a01Seismo\seismo\Debug\vc100.pdb' is missing debugging information for referencing module; linking object as if no debug info
         Seismo.vcxproj -> D:\Desktop\CPSC 260\Assignment 1\a01Seismo\seismo\Debug\Seismo.exe
       FinalizeBuildStatus:
         Deleting file "Debug\Seismo.unsuccessfulbuild".
         Touching "Debug\Seismo.lastbuildstate".
     1>Done Building Project "D:\Desktop\CPSC 260\Assignment 1\a01Seismo\seismo\Seismo.vcxproj" (build target(s)).

Build succeeded.

Time Elapsed 00:00:07.76
