Build started 7/25/2010 8:36:46 PM.
     1>Project "D:\Desktop\CPSC 260\Lab 10\lab-10\trees\trees.vcxproj" on node 2 (build target(s)).
     1>InitializeBuildStatus:
         Creating "Debug\Tree sorts.unsuccessfulbuild" because "AlwaysCreate" was specified.
       ClCompile:
         C:\Program Files\Microsoft Visual Studio 10.0\VC\bin\CL.exe /c /ZI /nologo /W3 /WX- /Od /Oy- /D WIN32 /D _DEBUG /D _CONSOLE /D _UNICODE /D UNICODE /Gm /EHsc /RTC1 /MDd /GS /fp:precise /Zc:wchar_t /Zc:forScope /Fo"Debug\\" /Fd"Debug\vc100.pdb" /Gd /TP /analyze- /errorReport:prompt ..\CTimer.cpp "..\Sort-driver.cpp"
         Sort-driver.cpp
     1>d:\desktop\cpsc 260\lab 10\lab-10\sort-driver.cpp(97): warning C4018: '<' : signed/unsigned mismatch
         CTimer.cpp
         Generating Code...
       ManifestResourceCompile:
         C:\Program Files\Microsoft SDKs\Windows\v7.0A\bin\rc.exe /nologo /fo"Debug\Tree sorts.exe.embed.manifest.res" "Debug\Tree sorts_manifest.rc" 
       Link:
         C:\Program Files\Microsoft Visual Studio 10.0\VC\bin\link.exe /ERRORREPORT:PROMPT /OUT:"D:\Desktop\CPSC 260\Lab 10\lab-10\Debug\Tree sorts.exe" /INCREMENTAL /NOLOGO kernel32.lib user32.lib gdi32.lib winspool.lib comdlg32.lib advapi32.lib shell32.lib ole32.lib oleaut32.lib uuid.lib odbc32.lib odbccp32.lib /MANIFEST /ManifestFile:"Debug\Tree sorts.exe.intermediate.manifest" /MANIFESTUAC:"level='asInvoker' uiAccess='false'" /DEBUG /PDB:"D:\Desktop\CPSC 260\Lab 10\lab-10\Debug\Tree sorts.pdb" /SUBSYSTEM:CONSOLE /TLBID:1 /DYNAMICBASE:NO /IMPLIB:"D:\Desktop\CPSC 260\Lab 10\lab-10\Debug\Tree sorts.lib" /MACHINE:X86 "Debug\Tree sorts.exe.embed.manifest.res"
         Debug\CTimer.obj
         "Debug\Sort-driver.obj"
       Manifest:
         C:\Program Files\Microsoft SDKs\Windows\v7.0A\bin\mt.exe /nologo /verbose /out:"Debug\Tree sorts.exe.embed.manifest" /manifest "Debug\Tree sorts.exe.intermediate.manifest"
         C:\Program Files\Microsoft SDKs\Windows\v7.0A\bin\rc.exe /nologo /fo"Debug\Tree sorts.exe.embed.manifest.res" "Debug\Tree sorts_manifest.rc" 
       LinkEmbedManifest:
         C:\Program Files\Microsoft Visual Studio 10.0\VC\bin\link.exe /ERRORREPORT:PROMPT /OUT:"D:\Desktop\CPSC 260\Lab 10\lab-10\Debug\Tree sorts.exe" /INCREMENTAL /NOLOGO kernel32.lib user32.lib gdi32.lib winspool.lib comdlg32.lib advapi32.lib shell32.lib ole32.lib oleaut32.lib uuid.lib odbc32.lib odbccp32.lib /MANIFEST /ManifestFile:"Debug\Tree sorts.exe.intermediate.manifest" /MANIFESTUAC:"level='asInvoker' uiAccess='false'" /DEBUG /PDB:"D:\Desktop\CPSC 260\Lab 10\lab-10\Debug\Tree sorts.pdb" /SUBSYSTEM:CONSOLE /TLBID:1 /DYNAMICBASE:NO /IMPLIB:"D:\Desktop\CPSC 260\Lab 10\lab-10\Debug\Tree sorts.lib" /MACHINE:X86 "Debug\Tree sorts.exe.embed.manifest.res"
         Debug\CTimer.obj
         "Debug\Sort-driver.obj"
         trees.vcxproj -> D:\Desktop\CPSC 260\Lab 10\lab-10\Debug\Tree sorts.exe
       FinalizeBuildStatus:
         Deleting file "Debug\Tree sorts.unsuccessfulbuild".
         Touching "Debug\Tree sorts.lastbuildstate".
     1>Done Building Project "D:\Desktop\CPSC 260\Lab 10\lab-10\trees\trees.vcxproj" (build target(s)).

Build succeeded.

Time Elapsed 00:00:06.11
