Build started 6/30/2010 4:33:20 PM.
     1>Project "D:\Desktop\CPSC 260\Assignment 1\seismo\Seismo.vcxproj" on node 2 (build target(s)).
     1>InitializeBuildStatus:
         Touching "Debug\Seismo.unsuccessfulbuild".
       ClCompile:
         C:\Program Files\Microsoft Visual Studio 10.0\VC\bin\CL.exe /c /IL:\Courses\cs260 /Zi /nologo /W3 /WX- /Od /Oy- /D WIN32 /D _DEBUG /D _CONSOLE /Gm /EHsc /RTC1 /MDd /GS /fp:precise /Zc:wchar_t /Zc:forScope /Fo"Debug\\" /Fd"Debug\vc100.pdb" /Gd /TP /analyze- /errorReport:prompt seismosrc\GUI.cpp seismosrc\Graph.cpp seismosrc\Simple_window.cpp seismosrc\Window.cpp seismosrc\main.cpp
         main.cpp
     1>d:\desktop\cpsc 260\assignment 1\seismo\seismosrc\Graph.h(45): warning C4305: 'initializing' : truncation from 'Graph_lib::Color::Transparency' to 'char'
     1>d:\desktop\cpsc 260\assignment 1\seismo\seismosrc\Graph.h(45): warning C4309: 'initializing' : truncation of constant value
     1>d:\desktop\cpsc 260\assignment 1\seismo\seismosrc\Graph.h(47): warning C4305: 'initializing' : truncation from 'Graph_lib::Color::Transparency' to 'char'
     1>d:\desktop\cpsc 260\assignment 1\seismo\seismosrc\Graph.h(47): warning C4309: 'initializing' : truncation of constant value
     1>d:\desktop\cpsc 260\assignment 1\seismo\seismosrc\GUI.h(107): warning C4018: '<' : signed/unsigned mismatch
     1>d:\desktop\cpsc 260\assignment 1\seismo\seismosrc\GUI.h(112): warning C4018: '<' : signed/unsigned mismatch
     1>d:\desktop\cpsc 260\assignment 1\seismo\seismosrc\GUI.h(117): warning C4018: '<' : signed/unsigned mismatch
     1>seismosrc\main.cpp(49): warning C4244: 'return' : conversion from 'const double' to 'int', possible loss of data
     1>seismosrc\main.cpp(138): warning C4101: 'e' : unreferenced local variable
     1>d:\desktop\cpsc 260\assignment 1\seismo\seismosrc\Graph.h(130): warning C4018: '<' : signed/unsigned mismatch
                 d:\desktop\cpsc 260\assignment 1\seismo\seismosrc\Graph.h(130) : while compiling class template member function 'Graph_lib::Vector_ref<T>::~Vector_ref(void)'
                 with
                 [
                     T=Graph_lib::Button
                 ]
                 d:\desktop\cpsc 260\assignment 1\seismo\seismosrc\GUI.h(99) : see reference to class template instantiation 'Graph_lib::Vector_ref<T>' being compiled
                 with
                 [
                     T=Graph_lib::Button
                 ]
         Window.cpp
     1>d:\desktop\cpsc 260\assignment 1\seismo\seismosrc\Graph.h(45): warning C4305: 'initializing' : truncation from 'Graph_lib::Color::Transparency' to 'char'
     1>d:\desktop\cpsc 260\assignment 1\seismo\seismosrc\Graph.h(45): warning C4309: 'initializing' : truncation of constant value
     1>d:\desktop\cpsc 260\assignment 1\seismo\seismosrc\Graph.h(47): warning C4305: 'initializing' : truncation from 'Graph_lib::Color::Transparency' to 'char'
     1>d:\desktop\cpsc 260\assignment 1\seismo\seismosrc\Graph.h(47): warning C4309: 'initializing' : truncation of constant value
     1>d:\desktop\cpsc 260\assignment 1\seismo\seismosrc\GUI.h(107): warning C4018: '<' : signed/unsigned mismatch
     1>d:\desktop\cpsc 260\assignment 1\seismo\seismosrc\GUI.h(112): warning C4018: '<' : signed/unsigned mismatch
     1>d:\desktop\cpsc 260\assignment 1\seismo\seismosrc\GUI.h(117): warning C4018: '<' : signed/unsigned mismatch
     1>seismosrc\Window.cpp(74): warning C4018: '<' : signed/unsigned mismatch
     1>seismosrc\Window.cpp(76): warning C4018: '<' : signed/unsigned mismatch
     1>d:\desktop\cpsc 260\assignment 1\seismo\seismosrc\Graph.h(130): warning C4018: '<' : signed/unsigned mismatch
                 d:\desktop\cpsc 260\assignment 1\seismo\seismosrc\Graph.h(130) : while compiling class template member function 'Graph_lib::Vector_ref<T>::~Vector_ref(void)'
                 with
                 [
                     T=Graph_lib::Button
                 ]
                 d:\desktop\cpsc 260\assignment 1\seismo\seismosrc\GUI.h(99) : see reference to class template instantiation 'Graph_lib::Vector_ref<T>' being compiled
                 with
                 [
                     T=Graph_lib::Button
                 ]
         Simple_window.cpp
     1>d:\desktop\cpsc 260\assignment 1\seismo\seismosrc\Graph.h(45): warning C4305: 'initializing' : truncation from 'Graph_lib::Color::Transparency' to 'char'
     1>d:\desktop\cpsc 260\assignment 1\seismo\seismosrc\Graph.h(45): warning C4309: 'initializing' : truncation of constant value
     1>d:\desktop\cpsc 260\assignment 1\seismo\seismosrc\Graph.h(47): warning C4305: 'initializing' : truncation from 'Graph_lib::Color::Transparency' to 'char'
     1>d:\desktop\cpsc 260\assignment 1\seismo\seismosrc\Graph.h(47): warning C4309: 'initializing' : truncation of constant value
     1>d:\desktop\cpsc 260\assignment 1\seismo\seismosrc\GUI.h(107): warning C4018: '<' : signed/unsigned mismatch
     1>d:\desktop\cpsc 260\assignment 1\seismo\seismosrc\GUI.h(112): warning C4018: '<' : signed/unsigned mismatch
     1>d:\desktop\cpsc 260\assignment 1\seismo\seismosrc\GUI.h(117): warning C4018: '<' : signed/unsigned mismatch
     1>d:\desktop\cpsc 260\assignment 1\seismo\seismosrc\Graph.h(130): warning C4018: '<' : signed/unsigned mismatch
                 d:\desktop\cpsc 260\assignment 1\seismo\seismosrc\Graph.h(130) : while compiling class template member function 'Graph_lib::Vector_ref<T>::~Vector_ref(void)'
                 with
                 [
                     T=Graph_lib::Button
                 ]
                 d:\desktop\cpsc 260\assignment 1\seismo\seismosrc\GUI.h(99) : see reference to class template instantiation 'Graph_lib::Vector_ref<T>' being compiled
                 with
                 [
                     T=Graph_lib::Button
                 ]
         Graph.cpp
     1>d:\desktop\cpsc 260\assignment 1\seismo\seismosrc\Graph.h(45): warning C4305: 'initializing' : truncation from 'Graph_lib::Color::Transparency' to 'char'
     1>d:\desktop\cpsc 260\assignment 1\seismo\seismosrc\Graph.h(45): warning C4309: 'initializing' : truncation of constant value
     1>d:\desktop\cpsc 260\assignment 1\seismo\seismosrc\Graph.h(47): warning C4305: 'initializing' : truncation from 'Graph_lib::Color::Transparency' to 'char'
     1>d:\desktop\cpsc 260\assignment 1\seismo\seismosrc\Graph.h(47): warning C4309: 'initializing' : truncation of constant value
     1>seismosrc\Graph.cpp(66): warning C4018: '<' : signed/unsigned mismatch
     1>seismosrc\Graph.cpp(132): warning C4244: '=' : conversion from 'double' to 'int', possible loss of data
     1>seismosrc\Graph.cpp(133): warning C4244: '=' : conversion from 'double' to 'int', possible loss of data
     1>seismosrc\Graph.cpp(373): warning C4800: 'void *' : forcing value to bool 'true' or 'false' (performance warning)
     1>seismosrc\Graph.cpp(398): warning C4018: '>=' : signed/unsigned mismatch
         GUI.cpp
     1>d:\desktop\cpsc 260\assignment 1\seismo\seismosrc\Graph.h(45): warning C4305: 'initializing' : truncation from 'Graph_lib::Color::Transparency' to 'char'
     1>d:\desktop\cpsc 260\assignment 1\seismo\seismosrc\Graph.h(45): warning C4309: 'initializing' : truncation of constant value
     1>d:\desktop\cpsc 260\assignment 1\seismo\seismosrc\Graph.h(47): warning C4305: 'initializing' : truncation from 'Graph_lib::Color::Transparency' to 'char'
     1>d:\desktop\cpsc 260\assignment 1\seismo\seismosrc\Graph.h(47): warning C4309: 'initializing' : truncation of constant value
     1>d:\desktop\cpsc 260\assignment 1\seismo\seismosrc\GUI.h(107): warning C4018: '<' : signed/unsigned mismatch
     1>d:\desktop\cpsc 260\assignment 1\seismo\seismosrc\GUI.h(112): warning C4018: '<' : signed/unsigned mismatch
     1>d:\desktop\cpsc 260\assignment 1\seismo\seismosrc\GUI.h(117): warning C4018: '<' : signed/unsigned mismatch
     1>d:\desktop\cpsc 260\assignment 1\seismo\seismosrc\Graph.h(130): warning C4018: '<' : signed/unsigned mismatch
                 d:\desktop\cpsc 260\assignment 1\seismo\seismosrc\Graph.h(130) : while compiling class template member function 'Graph_lib::Vector_ref<T>::~Vector_ref(void)'
                 with
                 [
                     T=Graph_lib::Button
                 ]
                 d:\desktop\cpsc 260\assignment 1\seismo\seismosrc\GUI.h(99) : see reference to class template instantiation 'Graph_lib::Vector_ref<T>' being compiled
                 with
                 [
                     T=Graph_lib::Button
                 ]
         Generating Code...
       ManifestResourceCompile:
         C:\Program Files\Microsoft SDKs\Windows\v7.0A\bin\rc.exe /nologo /fo"Debug\Seismo.exe.embed.manifest.res" Debug\Seismo_manifest.rc 
       Link:
         C:\Program Files\Microsoft Visual Studio 10.0\VC\bin\link.exe /ERRORREPORT:PROMPT /OUT:"D:\Desktop\CPSC 260\Assignment 1\seismo\Debug\Seismo.exe" /INCREMENTAL /NOLOGO /LIBPATH:l:\Courses\cs260\FLTKllib fltkd.lib wsock32.lib comctl32.lib fltkjpegd.lib fltkimagesd.lib kernel32.lib user32.lib gdi32.lib winspool.lib comdlg32.lib advapi32.lib shell32.lib ole32.lib oleaut32.lib uuid.lib odbc32.lib odbccp32.lib kernel32.lib user32.lib gdi32.lib winspool.lib comdlg32.lib advapi32.lib shell32.lib ole32.lib oleaut32.lib uuid.lib odbc32.lib odbccp32.lib /MANIFEST /ManifestFile:"Debug\Seismo.exe.intermediate.manifest" /MANIFESTUAC:"level='asInvoker' uiAccess='false'" /DEBUG /PDB:"D:\Desktop\CPSC 260\Assignment 1\seismo\Debug\Seismo.pdb" /SUBSYSTEM:CONSOLE /TLBID:1 /DYNAMICBASE /NXCOMPAT /IMPLIB:"D:\Desktop\CPSC 260\Assignment 1\seismo\Debug\Seismo.lib" /MACHINE:X86 Debug\Seismo.exe.embed.manifest.res
         Debug\Graph.obj
         Debug\GUI.obj
         Debug\main.obj
         Debug\Simple_window.obj
         Debug\Window.obj
     1>MSVCRTD.lib(cinitexe.obj) : warning LNK4098: defaultlib 'libcmtd.lib' conflicts with use of other libs; use /NODEFAULTLIB:library
       Manifest:
         C:\Program Files\Microsoft SDKs\Windows\v7.0A\bin\mt.exe /nologo /verbose /out:"Debug\Seismo.exe.embed.manifest" /manifest Debug\Seismo.exe.intermediate.manifest
         C:\Program Files\Microsoft SDKs\Windows\v7.0A\bin\rc.exe /nologo /fo"Debug\Seismo.exe.embed.manifest.res" Debug\Seismo_manifest.rc 
       LinkEmbedManifest:
         C:\Program Files\Microsoft Visual Studio 10.0\VC\bin\link.exe /ERRORREPORT:PROMPT /OUT:"D:\Desktop\CPSC 260\Assignment 1\seismo\Debug\Seismo.exe" /INCREMENTAL /NOLOGO /LIBPATH:l:\Courses\cs260\FLTKllib fltkd.lib wsock32.lib comctl32.lib fltkjpegd.lib fltkimagesd.lib kernel32.lib user32.lib gdi32.lib winspool.lib comdlg32.lib advapi32.lib shell32.lib ole32.lib oleaut32.lib uuid.lib odbc32.lib odbccp32.lib kernel32.lib user32.lib gdi32.lib winspool.lib comdlg32.lib advapi32.lib shell32.lib ole32.lib oleaut32.lib uuid.lib odbc32.lib odbccp32.lib /MANIFEST /ManifestFile:"Debug\Seismo.exe.intermediate.manifest" /MANIFESTUAC:"level='asInvoker' uiAccess='false'" /DEBUG /PDB:"D:\Desktop\CPSC 260\Assignment 1\seismo\Debug\Seismo.pdb" /SUBSYSTEM:CONSOLE /TLBID:1 /DYNAMICBASE /NXCOMPAT /IMPLIB:"D:\Desktop\CPSC 260\Assignment 1\seismo\Debug\Seismo.lib" /MACHINE:X86 Debug\Seismo.exe.embed.manifest.res
         Debug\Graph.obj
         Debug\GUI.obj
         Debug\main.obj
         Debug\Simple_window.obj
         Debug\Window.obj
     1>MSVCRTD.lib(cinitexe.obj) : warning LNK4098: defaultlib 'libcmtd.lib' conflicts with use of other libs; use /NODEFAULTLIB:library
         Seismo.vcxproj -> D:\Desktop\CPSC 260\Assignment 1\seismo\Debug\Seismo.exe
       FinalizeBuildStatus:
         Deleting file "Debug\Seismo.unsuccessfulbuild".
         Touching "Debug\Seismo.lastbuildstate".
     1>Done Building Project "D:\Desktop\CPSC 260\Assignment 1\seismo\Seismo.vcxproj" (build target(s)).

Build succeeded.

Time Elapsed 00:00:07.40
