Build started 7/22/2010 4:05:22 PM.
     1>Project "D:\Desktop\CPSC 260\Assignment 3a\VehicleCompDisplay.vcxproj" on node 2 (build target(s)).
     1>InitializeBuildStatus:
         Creating "Debug\VehicleCompDisplay.unsuccessfulbuild" because "AlwaysCreate" was specified.
       ClCompile:
         C:\Program Files\Microsoft Visual Studio 10.0\VC\bin\CL.exe /c /IL:\Courses\cs260\ /Zi /nologo /W3 /WX- /Od /Oy- /D WIN32 /D _DEBUG /D _CONSOLE /Gm /EHsc /RTC1 /MDd /GS /fp:precise /Zc:wchar_t /Zc:forScope /Fo"Debug\\" /Fd"Debug\vc100.pdb" /Gd /TP /analyze- /errorReport:prompt VehicleCompDisplaySrc\LowerGraph.cpp VehicleCompDisplaySrc\UpperGraph.cpp vehiclecompdisplaysrc\main.cpp
         UpperGraph.cpp
     1>d:\desktop\cpsc 260\assignment 3a\vehiclecompdisplaysrc\Graph.h(45): warning C4305: 'initializing' : truncation from 'Graph_lib::Color::Transparency' to 'char'
     1>d:\desktop\cpsc 260\assignment 3a\vehiclecompdisplaysrc\Graph.h(45): warning C4309: 'initializing' : truncation of constant value
     1>d:\desktop\cpsc 260\assignment 3a\vehiclecompdisplaysrc\Graph.h(47): warning C4305: 'initializing' : truncation from 'Graph_lib::Color::Transparency' to 'char'
     1>d:\desktop\cpsc 260\assignment 3a\vehiclecompdisplaysrc\Graph.h(47): warning C4309: 'initializing' : truncation of constant value
     1>d:\desktop\cpsc 260\assignment 3a\vehiclecompdisplaysrc\GUI.h(107): warning C4018: '<' : signed/unsigned mismatch
     1>d:\desktop\cpsc 260\assignment 3a\vehiclecompdisplaysrc\GUI.h(112): warning C4018: '<' : signed/unsigned mismatch
     1>d:\desktop\cpsc 260\assignment 3a\vehiclecompdisplaysrc\GUI.h(117): warning C4018: '<' : signed/unsigned mismatch
     1>d:\desktop\cpsc 260\assignment 3a\vehiclecompdisplaysrc\Graph.h(130): warning C4018: '<' : signed/unsigned mismatch
                 d:\desktop\cpsc 260\assignment 3a\vehiclecompdisplaysrc\Graph.h(130) : while compiling class template member function 'Graph_lib::Vector_ref<T>::~Vector_ref(void)'
                 with
                 [
                     T=Graph_lib::Button
                 ]
                 d:\desktop\cpsc 260\assignment 3a\vehiclecompdisplaysrc\GUI.h(99) : see reference to class template instantiation 'Graph_lib::Vector_ref<T>' being compiled
                 with
                 [
                     T=Graph_lib::Button
                 ]
         Generating Code...
     1>d:\desktop\cpsc 260\assignment 3a\vehiclecompdisplaysrc\uppergraph.cpp(61): warning C4715: 'UpperGraph::hexTranslator' : not all control paths return a value
         Skipping... (no relevant changes detected)
         main.cpp
         LowerGraph.cpp
       ManifestResourceCompile:
         All outputs are up-to-date.
       Link:
         C:\Program Files\Microsoft Visual Studio 10.0\VC\bin\link.exe /ERRORREPORT:PROMPT /OUT:"D:\Desktop\CPSC 260\Assignment 3a\Debug\VehicleCompDisplay.exe" /INCREMENTAL /NOLOGO /LIBPATH:L:\Courses\cs260\FLTKllib fltkd.lib wsock32.lib comctl32.lib fltkjpegd.lib fltkimagesd.lib kernel32.lib user32.lib gdi32.lib winspool.lib comdlg32.lib advapi32.lib shell32.lib ole32.lib oleaut32.lib uuid.lib odbc32.lib odbccp32.lib /MANIFEST /ManifestFile:"Debug\VehicleCompDisplay.exe.intermediate.manifest" /MANIFESTUAC:"level='asInvoker' uiAccess='false'" /DEBUG /PDB:"D:\Desktop\CPSC 260\Assignment 3a\Debug\VehicleCompDisplay.pdb" /SUBSYSTEM:CONSOLE /TLBID:1 /DYNAMICBASE /NXCOMPAT /IMPLIB:"D:\Desktop\CPSC 260\Assignment 3a\Debug\VehicleCompDisplay.lib" /MACHINE:X86 Debug\VehicleCompDisplay.exe.embed.manifest.res
         Debug\data.obj
         Debug\DisplaySleep.obj
         Debug\Graph.obj
         Debug\GUI.obj
         Debug\inputFormatter.obj
         Debug\LowerGraph.obj
         Debug\main.obj
         Debug\MyLinkedList.obj
         Debug\Simple_window.obj
         Debug\UpperGraph.obj
         Debug\Window.obj
       Manifest:
         C:\Program Files\Microsoft SDKs\Windows\v7.0A\bin\mt.exe /nologo /verbose /out:"Debug\VehicleCompDisplay.exe.embed.manifest" /manifest Debug\VehicleCompDisplay.exe.intermediate.manifest
         All outputs are up-to-date.
       LinkEmbedManifest:
         All outputs are up-to-date.
         VehicleCompDisplay.vcxproj -> D:\Desktop\CPSC 260\Assignment 3a\Debug\VehicleCompDisplay.exe
       FinalizeBuildStatus:
         Deleting file "Debug\VehicleCompDisplay.unsuccessfulbuild".
         Touching "Debug\VehicleCompDisplay.lastbuildstate".
     1>Done Building Project "D:\Desktop\CPSC 260\Assignment 3a\VehicleCompDisplay.vcxproj" (build target(s)).

Build succeeded.

Time Elapsed 00:00:01.66
