D:\Desktop\CPSC 260\Lab 3\3b\Debug\cl.command.1.tlog
D:\Desktop\CPSC 260\Lab 3\3b\Debug\CL.read.1.tlog
D:\Desktop\CPSC 260\Lab 3\3b\Debug\CL.write.1.tlog
D:\DESKTOP\CPSC 260\LAB 3\3B\DEBUG\COMPLEX.OBJ
D:\Desktop\CPSC 260\Lab 3\3b\Debug\link.5460.read.1.tlog
D:\Desktop\CPSC 260\Lab 3\3b\Debug\link.5460.write.1.tlog
D:\Desktop\CPSC 260\Lab 3\3b\Debug\link.5460-cvtres.read.1.tlog
D:\Desktop\CPSC 260\Lab 3\3b\Debug\link.5460-cvtres.write.1.tlog
D:\Desktop\CPSC 260\Lab 3\3b\Debug\link.command.1.tlog
D:\Desktop\CPSC 260\Lab 3\3b\Debug\link.read.1.tlog
D:\Desktop\CPSC 260\Lab 3\3b\Debug\link.write.1.tlog
D:\Desktop\CPSC 260\Lab 3\3b\Debug\link-cvtres.read.1.tlog
D:\Desktop\CPSC 260\Lab 3\3b\Debug\link-cvtres.write.1.tlog
D:\Desktop\CPSC 260\Lab 3\3b\Debug\mt.command.1.tlog
D:\Desktop\CPSC 260\Lab 3\3b\Debug\mt.read.1.tlog
D:\Desktop\CPSC 260\Lab 3\3b\Debug\mt.write.1.tlog
D:\Desktop\CPSC 260\Lab 3\3b\Debug\rc.command.1.tlog
D:\Desktop\CPSC 260\Lab 3\3b\Debug\rc.read.1.tlog
D:\Desktop\CPSC 260\Lab 3\3b\Debug\rc.write.1.tlog
D:\Desktop\CPSC 260\Lab 3\3b\Debug\rpnCalculator.exe
D:\DESKTOP\CPSC 260\LAB 3\3B\DEBUG\RPNCALCULATOR.EXE.EMBED.MANIFEST
D:\DESKTOP\CPSC 260\LAB 3\3B\DEBUG\RPNCALCULATOR.EXE.EMBED.MANIFEST.RES
D:\Desktop\CPSC 260\Lab 3\3b\Debug\rpnCalculator.exe.intermediate.manifest
D:\Desktop\CPSC 260\Lab 3\3b\Debug\rpnCalculator.ilk
D:\DESKTOP\CPSC 260\LAB 3\3B\DEBUG\RPNCALCULATOR.OBJ
D:\Desktop\CPSC 260\Lab 3\3b\Debug\rpnCalculator.pdb
D:\Desktop\CPSC 260\Lab 3\3b\Debug\rpnCalculator_manifest.rc
D:\Desktop\CPSC 260\Lab 3\3b\Debug\vc100.idb
D:\DESKTOP\CPSC 260\LAB 3\3B\DEBUG\VC100.PDB
