Build started 6/29/2010 5:22:24 PM.
     1>Project "D:\Desktop\CPSC 260\Lab 3\3b\rpnCalculator.vcxproj" on node 2 (build target(s)).
     1>InitializeBuildStatus:
         Creating "Debug\rpnCalculator.unsuccessfulbuild" because "AlwaysCreate" was specified.
       ClCompile:
         C:\Program Files\Microsoft Visual Studio 10.0\VC\bin\CL.exe /c /Zi /nologo /W3 /WX- /Od /Oy- /D WIN32 /D _DEBUG /D _CONSOLE /Gm /EHsc /RTC1 /MDd /GS /fp:precise /Zc:wchar_t /Zc:forScope /Fo"Debug\\" /Fd"Debug\vc100.pdb" /Gd /TP /analyze- /errorReport:prompt rpnCalculator.cpp
         rpnCalculator.cpp
     1>rpnCalculator.cpp(70): warning C4018: '<' : signed/unsigned mismatch
     1>d:\desktop\cpsc 260\lab 3\3b\rpncalculator.cpp(130): warning C4715: 'opSize' : not all control paths return a value
       ManifestResourceCompile:
         All outputs are up-to-date.
       Link:
         C:\Program Files\Microsoft Visual Studio 10.0\VC\bin\link.exe /ERRORREPORT:PROMPT /OUT:"D:\Desktop\CPSC 260\Lab 3\3b\Debug\rpnCalculator.exe" /INCREMENTAL /NOLOGO kernel32.lib user32.lib gdi32.lib winspool.lib comdlg32.lib advapi32.lib shell32.lib ole32.lib oleaut32.lib uuid.lib odbc32.lib odbccp32.lib /MANIFEST /ManifestFile:"Debug\rpnCalculator.exe.intermediate.manifest" /MANIFESTUAC:"level='asInvoker' uiAccess='false'" /DEBUG /PDB:"D:\Desktop\CPSC 260\Lab 3\3b\Debug\rpnCalculator.pdb" /SUBSYSTEM:CONSOLE /TLBID:1 /DYNAMICBASE /NXCOMPAT /IMPLIB:"D:\Desktop\CPSC 260\Lab 3\3b\Debug\rpnCalculator.lib" /MACHINE:X86 Debug\rpnCalculator.exe.embed.manifest.res
         Debug\Complex.obj
         Debug\rpnCalculator.obj
       Manifest:
         C:\Program Files\Microsoft SDKs\Windows\v7.0A\bin\mt.exe /nologo /verbose /out:"Debug\rpnCalculator.exe.embed.manifest" /manifest Debug\rpnCalculator.exe.intermediate.manifest
         All outputs are up-to-date.
       LinkEmbedManifest:
         All outputs are up-to-date.
         rpnCalculator.vcxproj -> D:\Desktop\CPSC 260\Lab 3\3b\Debug\rpnCalculator.exe
       FinalizeBuildStatus:
         Deleting file "Debug\rpnCalculator.unsuccessfulbuild".
         Touching "Debug\rpnCalculator.lastbuildstate".
     1>Done Building Project "D:\Desktop\CPSC 260\Lab 3\3b\rpnCalculator.vcxproj" (build target(s)).

Build succeeded.

Time Elapsed 00:00:03.22
