Build started 7/14/2010 1:24:07 AM.
     1>Project "D:\Desktop\CPSC 260\Lab 7\employee\employee.vcxproj" on node 2 (build target(s)).
     1>InitializeBuildStatus:
         Creating "Debug\All employees.unsuccessfulbuild" because "AlwaysCreate" was specified.
       ClCompile:
         C:\Program Files\Microsoft Visual Studio 10.0\VC\bin\CL.exe /c /ZI /nologo /W3 /WX- /Od /Oy- /D WIN32 /D _DEBUG /D _CONSOLE /D _UNICODE /D UNICODE /Gm /EHsc /RTC1 /MDd /GS /fp:precise /Zc:wchar_t /Zc:forScope /Fo"Debug\\" /Fd"Debug\vc100.pdb" /Gd /TP /analyze- /errorReport:prompt ..\ContractEmployee.cpp ..\FullTimeEmployee.cpp ..\PartTimeEmployee.cpp
         PartTimeEmployee.cpp
         FullTimeEmployee.cpp
         ContractEmployee.cpp
     1>d:\desktop\cpsc 260\lab 7\contractemployee.cpp(28): warning C4244: 'return' : conversion from 'const int' to 'float', possible loss of data
         Generating Code...
       ManifestResourceCompile:
         All outputs are up-to-date.
       Link:
         C:\Program Files\Microsoft Visual Studio 10.0\VC\bin\link.exe /ERRORREPORT:PROMPT /OUT:"D:\Desktop\CPSC 260\Lab 7\Debug\All employees.exe" /INCREMENTAL /NOLOGO kernel32.lib user32.lib gdi32.lib winspool.lib comdlg32.lib advapi32.lib shell32.lib ole32.lib oleaut32.lib uuid.lib odbc32.lib odbccp32.lib /MANIFEST /ManifestFile:"Debug\All employees.exe.intermediate.manifest" /MANIFESTUAC:"level='asInvoker' uiAccess='false'" /DEBUG /PDB:"D:\Desktop\CPSC 260\Lab 7\Debug\All employees.pdb" /SUBSYSTEM:CONSOLE /TLBID:1 /DYNAMICBASE /NXCOMPAT /IMPLIB:"D:\Desktop\CPSC 260\Lab 7\Debug\All employees.lib" /MACHINE:X86 "Debug\All employees.exe.embed.manifest.res"
         "Debug\Employee-driver.obj"
         Debug\ContractEmployee.obj
         Debug\PartTimeEmployee.obj
         Debug\FullTimeEmployee.obj
         Debug\AbstractEmployee.obj
       Manifest:
         C:\Program Files\Microsoft SDKs\Windows\v7.0A\bin\mt.exe /nologo /verbose /out:"Debug\All employees.exe.embed.manifest" /manifest "Debug\All employees.exe.intermediate.manifest"
         All outputs are up-to-date.
       LinkEmbedManifest:
         All outputs are up-to-date.
         employee.vcxproj -> D:\Desktop\CPSC 260\Lab 7\Debug\All employees.exe
       FinalizeBuildStatus:
         Deleting file "Debug\All employees.unsuccessfulbuild".
         Touching "Debug\All employees.lastbuildstate".
     1>Done Building Project "D:\Desktop\CPSC 260\Lab 7\employee\employee.vcxproj" (build target(s)).

Build succeeded.

Time Elapsed 00:00:02.24
