Build started 7/12/2010 1:01:37 AM.
     1>Project "D:\Desktop\CPSC 260\Lab 6\lab06.vcxproj" on node 2 (build target(s)).
     1>InitializeBuildStatus:
         Touching "Debug\lab06.unsuccessfulbuild".
       ClCompile:
         C:\Program Files\Microsoft Visual Studio 10.0\VC\bin\CL.exe /c /Zi /nologo /W3 /WX- /Od /Oy- /D WIN32 /D _DEBUG /D _CONSOLE /Gm /EHsc /RTC1 /MDd /GS /fp:precise /Zc:wchar_t /Zc:forScope /Fo"Debug\\" /Fd"Debug\vc100.pdb" /Gd /TP /analyze- /errorReport:prompt "Complex-driver.cpp" Complex.cpp
         Complex-driver.cpp
         Generating Code...
         Skipping... (no relevant changes detected)
         Complex.cpp
       ManifestResourceCompile:
         All outputs are up-to-date.
       Link:
         C:\Program Files\Microsoft Visual Studio 10.0\VC\bin\link.exe /ERRORREPORT:PROMPT /OUT:"D:\Desktop\CPSC 260\Lab 6\Debug\lab06.exe" /INCREMENTAL /NOLOGO kernel32.lib user32.lib gdi32.lib winspool.lib comdlg32.lib advapi32.lib shell32.lib ole32.lib oleaut32.lib uuid.lib odbc32.lib odbccp32.lib /MANIFEST /ManifestFile:"Debug\lab06.exe.intermediate.manifest" /MANIFESTUAC:"level='asInvoker' uiAccess='false'" /DEBUG /PDB:"D:\Desktop\CPSC 260\Lab 6\Debug\lab06.pdb" /SUBSYSTEM:CONSOLE /TLBID:1 /DYNAMICBASE /NXCOMPAT /IMPLIB:"D:\Desktop\CPSC 260\Lab 6\Debug\lab06.lib" /MACHINE:X86 Debug\lab06.exe.embed.manifest.res
         "Debug\Complex-driver.obj"
         Debug\Complex.obj
       Manifest:
         C:\Program Files\Microsoft SDKs\Windows\v7.0A\bin\mt.exe /nologo /verbose /out:"Debug\lab06.exe.embed.manifest" /manifest Debug\lab06.exe.intermediate.manifest
         All outputs are up-to-date.
       LinkEmbedManifest:
         All outputs are up-to-date.
         lab06.vcxproj -> D:\Desktop\CPSC 260\Lab 6\Debug\lab06.exe
       FinalizeBuildStatus:
         Deleting file "Debug\lab06.unsuccessfulbuild".
         Touching "Debug\lab06.lastbuildstate".
     1>Done Building Project "D:\Desktop\CPSC 260\Lab 6\lab06.vcxproj" (build target(s)).

Build succeeded.

Time Elapsed 00:00:01.37
