Build started 6/24/2010 10:39:52 PM.
     1>Project "D:\Desktop\CPSC 260\Lab 2\lab2b\lab2b.vcxproj" on node 2 (build target(s)).
     1>InitializeBuildStatus:
         Creating "Debug\lab2b.unsuccessfulbuild" because "AlwaysCreate" was specified.
       ClCompile:
         C:\Program Files\Microsoft Visual Studio 10.0\VC\bin\CL.exe /c /Zi /nologo /W3 /WX- /Od /Oy- /D WIN32 /D _DEBUG /D _CONSOLE /Gm /EHsc /RTC1 /MDd /GS /fp:precise /Zc:wchar_t /Zc:forScope /Fo"Debug\\" /Fd"Debug\vc100.pdb" /Gd /TP /analyze- /errorReport:prompt debug1.cpp
         debug1.cpp
       ManifestResourceCompile:
         All outputs are up-to-date.
       Link:
         C:\Program Files\Microsoft Visual Studio 10.0\VC\bin\link.exe /ERRORREPORT:PROMPT /OUT:"D:\Desktop\CPSC 260\Lab 2\lab2b\Debug\lab2b.exe" /INCREMENTAL /NOLOGO kernel32.lib user32.lib gdi32.lib winspool.lib comdlg32.lib advapi32.lib shell32.lib ole32.lib oleaut32.lib uuid.lib odbc32.lib odbccp32.lib /MANIFEST /ManifestFile:"Debug\lab2b.exe.intermediate.manifest" /MANIFESTUAC:"level='asInvoker' uiAccess='false'" /DEBUG /PDB:"D:\Desktop\CPSC 260\Lab 2\lab2b\Debug\lab2b.pdb" /SUBSYSTEM:CONSOLE /TLBID:1 /DYNAMICBASE /NXCOMPAT /IMPLIB:"D:\Desktop\CPSC 260\Lab 2\lab2b\Debug\lab2b.lib" /MACHINE:X86 Debug\lab2b.exe.embed.manifest.res
         Debug\debug1.obj
       Manifest:
         C:\Program Files\Microsoft SDKs\Windows\v7.0A\bin\mt.exe /nologo /verbose /out:"Debug\lab2b.exe.embed.manifest" /manifest Debug\lab2b.exe.intermediate.manifest
         All outputs are up-to-date.
       LinkEmbedManifest:
         All outputs are up-to-date.
         lab2b.vcxproj -> D:\Desktop\CPSC 260\Lab 2\lab2b\Debug\lab2b.exe
       FinalizeBuildStatus:
         Deleting file "Debug\lab2b.unsuccessfulbuild".
         Touching "Debug\lab2b.lastbuildstate".
     1>Done Building Project "D:\Desktop\CPSC 260\Lab 2\lab2b\lab2b.vcxproj" (build target(s)).

Build succeeded.

Time Elapsed 00:00:04.01
